Buildfile: C:\Workspace\java\project\TKoolFacetileEditor\build.xml

clean:

compile:
    [javac] Compiling 11 source files to C:\Workspace\java\project\TKoolFacetileEditor\classes
    [javac] C:\Workspace\java\project\TKoolFacetileEditor\src\app\image\ReverseStrategy.java:31: エラー: getPixelsに適切なメソッドが見つかりません(int,int,int,int,PixelFormat<IntBuffer>,int[],int,int)
    [javac]           reader.getPixels(x, y, w, h, format, buffer, offset, scanlineStride);
    [javac]                 ^
    [javac]     メソッド PixelReader.<T>getPixels(int,int,int,int,WritablePixelFormat<T>,T,int)は使用できません
    [javac]       (型変数Tを推論できません
    [javac]         (実引数リストと仮引数リストの長さが異なります))
    [javac]     メソッド PixelReader.getPixels(int,int,int,int,WritablePixelFormat<ByteBuffer>,byte[],int,int)は使用できません
    [javac]       (引数の不一致: PixelFormat<IntBuffer>をWritablePixelFormat<ByteBuffer>に変換できません:)
    [javac]     メソッド PixelReader.getPixels(int,int,int,int,WritablePixelFormat<IntBuffer>,int[],int,int)は使用できません
    [javac]       (引数の不一致: PixelFormat<IntBuffer>をWritablePixelFormat<IntBuffer>に変換できません:)
    [javac]   Tが型変数の場合:
    [javac]     メソッド <T>getPixels(int,int,int,int,WritablePixelFormat<T>,T,int)で宣言されているTはBufferを拡張します
    [javac] C:\Workspace\java\project\TKoolFacetileEditor\src\app\image\ReverseStrategy.java:33: エラー: シンボルを見つけられません
    [javac]         writer.setPixel();
    [javac]               ^
    [javac]   シンボル:   メソッド setPixel()
    [javac]   場所: タイプPixelWriterの変数 writer
    [javac] エラー2個
