Buildfile: C:\Workspace\java\project\TKoolFacetileEditor\build.xml

clean:

compile:
    [javac] Compiling 11 source files to C:\Workspace\java\project\TKoolFacetileEditor\classes
     [copy] Copying 4 files to C:\Workspace\java\project\TKoolFacetileEditor\classes
     [java] Exception in thread "JavaFX Application Thread" java.lang.RuntimeException: java.lang.reflect.InvocationTargetException
     [java] 	at javafx.fxml.FXMLLoader$MethodHandler.invoke(FXMLLoader.java:1774)
     [java] 	at javafx.fxml.FXMLLoader$ControllerMethodEventHandler.handle(FXMLLoader.java:1657)
     [java] 	at com.sun.javafx.event.CompositeEventHandler.dispatchBubblingEvent(CompositeEventHandler.java:86)
     [java] 	at com.sun.javafx.event.EventHandlerManager.dispatchBubblingEvent(EventHandlerManager.java:238)
     [java] 	at com.sun.javafx.event.EventHandlerManager.dispatchBubblingEvent(EventHandlerManager.java:191)
     [java] 	at com.sun.javafx.event.BasicEventDispatcher.dispatchEvent(BasicEventDispatcher.java:58)
     [java] 	at com.sun.javafx.event.EventDispatchChainImpl.dispatchEvent(EventDispatchChainImpl.java:114)
     [java] 	at com.sun.javafx.event.EventUtil.fireEventImpl(EventUtil.java:74)
     [java] 	at com.sun.javafx.event.EventUtil.fireEvent(EventUtil.java:49)
     [java] 	at javafx.event.Event.fireEvent(Event.java:198)
     [java] 	at javafx.scene.control.MenuItem.fire(MenuItem.java:462)
     [java] 	at com.sun.javafx.scene.control.skin.ContextMenuContent$MenuItemContainer.doSelect(ContextMenuContent.java:1405)
     [java] 	at com.sun.javafx.scene.control.skin.ContextMenuContent$MenuItemContainer.lambda$createChildren$343(ContextMenuContent.java:1358)
     [java] 	at com.sun.javafx.event.CompositeEventHandler$NormalEventHandlerRecord.handleBubblingEvent(CompositeEventHandler.java:218)
     [java] 	at com.sun.javafx.event.CompositeEventHandler.dispatchBubblingEvent(CompositeEventHandler.java:80)
     [java] 	at com.sun.javafx.event.EventHandlerManager.dispatchBubblingEvent(EventHandlerManager.java:238)
     [java] 	at com.sun.javafx.event.EventHandlerManager.dispatchBubblingEvent(EventHandlerManager.java:191)
     [java] 	at com.sun.javafx.event.CompositeEventDispatcher.dispatchBubblingEvent(CompositeEventDispatcher.java:59)
     [java] 	at com.sun.javafx.event.BasicEventDispatcher.dispatchEvent(BasicEventDispatcher.java:58)
     [java] 	at com.sun.javafx.event.EventDispatchChainImpl.dispatchEvent(EventDispatchChainImpl.java:114)
     [java] 	at com.sun.javafx.event.BasicEventDispatcher.dispatchEvent(BasicEventDispatcher.java:56)
     [java] 	at com.sun.javafx.event.EventDispatchChainImpl.dispatchEvent(EventDispatchChainImpl.java:114)
     [java] 	at com.sun.javafx.event.BasicEventDispatcher.dispatchEvent(BasicEventDispatcher.java:56)
     [java] 	at com.sun.javafx.event.EventDispatchChainImpl.dispatchEvent(EventDispatchChainImpl.java:114)
     [java] 	at com.sun.javafx.event.BasicEventDispatcher.dispatchEvent(BasicEventDispatcher.java:56)
     [java] 	at com.sun.javafx.event.EventDispatchChainImpl.dispatchEvent(EventDispatchChainImpl.java:114)
     [java] 	at com.sun.javafx.event.EventUtil.fireEventImpl(EventUtil.java:74)
     [java] 	at com.sun.javafx.event.EventUtil.fireEvent(EventUtil.java:54)
     [java] 	at javafx.event.Event.fireEvent(Event.java:198)
     [java] 	at javafx.scene.Scene$MouseHandler.process(Scene.java:3757)
     [java] 	at javafx.scene.Scene$MouseHandler.access$1500(Scene.java:3485)
     [java] 	at javafx.scene.Scene.impl_processMouseEvent(Scene.java:1762)
     [java] 	at javafx.scene.Scene$ScenePeerListener.mouseEvent(Scene.java:2494)
     [java] 	at com.sun.javafx.tk.quantum.GlassViewEventHandler$MouseEventNotification.run(GlassViewEventHandler.java:381)
     [java] 	at com.sun.javafx.tk.quantum.GlassViewEventHandler$MouseEventNotification.run(GlassViewEventHandler.java:295)
     [java] 	at java.security.AccessController.doPrivileged(Native Method)
     [java] 	at com.sun.javafx.tk.quantum.GlassViewEventHandler.lambda$handleMouseEvent$354(GlassViewEventHandler.java:417)
     [java] 	at com.sun.javafx.tk.quantum.QuantumToolkit.runWithoutRenderLock(QuantumToolkit.java:389)
     [java] 	at com.sun.javafx.tk.quantum.GlassViewEventHandler.handleMouseEvent(GlassViewEventHandler.java:416)
     [java] 	at com.sun.glass.ui.View.handleMouseEvent(View.java:555)
     [java] 	at com.sun.glass.ui.View.notifyMouse(View.java:937)
     [java] 	at com.sun.glass.ui.win.WinApplication._runLoop(Native Method)
     [java] 	at com.sun.glass.ui.win.WinApplication.lambda$null$148(WinApplication.java:191)
     [java] 	at java.lang.Thread.run(Thread.java:745)
     [java] Caused by: java.lang.reflect.InvocationTargetException
     [java] 	at sun.reflect.NativeMethodAccessorImpl.invoke0(Native Method)
     [java] 	at sun.reflect.NativeMethodAccessorImpl.invoke(NativeMethodAccessorImpl.java:62)
     [java] 	at sun.reflect.DelegatingMethodAccessorImpl.invoke(DelegatingMethodAccessorImpl.java:43)
     [java] 	at java.lang.reflect.Method.invoke(Method.java:498)
     [java] 	at sun.reflect.misc.Trampoline.invoke(MethodUtil.java:71)
     [java] 	at sun.reflect.GeneratedMethodAccessor1.invoke(Unknown Source)
     [java] 	at sun.reflect.DelegatingMethodAccessorImpl.invoke(DelegatingMethodAccessorImpl.java:43)
     [java] 	at java.lang.reflect.Method.invoke(Method.java:498)
     [java] 	at sun.reflect.misc.MethodUtil.invoke(MethodUtil.java:275)
     [java] 	at javafx.fxml.FXMLLoader$MethodHandler.invoke(FXMLLoader.java:1771)
     [java] 	... 43 more
     [java] Caused by: java.lang.NoClassDefFoundError: jiro/lib/javafx/stage/FileChooserManager
     [java] 	at app.MainController.openMenuItemOnAction(MainController.java:95)
     [java] 	... 53 more
     [java] Caused by: java.lang.ClassNotFoundException: jiro.lib.javafx.stage.FileChooserManager
     [java] 	at java.net.URLClassLoader.findClass(URLClassLoader.java:381)
     [java] 	at java.lang.ClassLoader.loadClass(ClassLoader.java:424)
     [java] 	at sun.misc.Launcher$AppClassLoader.loadClass(Launcher.java:331)
     [java] 	at java.lang.ClassLoader.loadClass(ClassLoader.java:357)
     [java] 	... 54 more

jar:
      [jar] Building jar: C:\Workspace\java\project\TKoolFacetileEditor\tkfe.jar

default:

BUILD SUCCESSFUL
Total time: 5 seconds
